This is pdfTeX, Version 3.14159265-2.6-1.40.17 (TeX Live 2016) (preloaded format=pdflatex 2016.11.22)  24 FEB 2018 19:36
entering extended mode
 restricted \write18 enabled.
 %&-line parsing enabled.
**led.tex
(./led.tex
LaTeX2e <2016/03/31>
Babel <3.9r> and hyphenation patterns for 83 language(s) loaded.
(/usr/local/texlive/2016/texmf-dist/tex/latex/base/article.cls
Document Class: article 2014/09/29 v1.4h Standard LaTeX document class
(/usr/local/texlive/2016/texmf-dist/tex/latex/base/size11.clo
File: size11.clo 2014/09/29 v1.4h Standard LaTeX file (size option)
)
\c@part=\count79
\c@section=\count80
\c@subsection=\count81
\c@subsubsection=\count82
\c@paragraph=\count83
\c@subparagraph=\count84
\c@figure=\count85
\c@table=\count86
\abovecaptionskip=\skip41
\belowcaptionskip=\skip42
\bibindent=\dimen102
)
(/usr/local/texlive/2016/texmf-dist/tex/latex/graphics/graphicx.sty
Package: graphicx 2014/10/28 v1.0g Enhanced LaTeX Graphics (DPC,SPQR)

(/usr/local/texlive/2016/texmf-dist/tex/latex/graphics/keyval.sty
Package: keyval 2014/10/28 v1.15 key=value parser (DPC)
\KV@toks@=\toks14
)
(/usr/local/texlive/2016/texmf-dist/tex/latex/graphics/graphics.sty
Package: graphics 2016/05/09 v1.0r Standard LaTeX Graphics (DPC,SPQR)

(/usr/local/texlive/2016/texmf-dist/tex/latex/graphics/trig.sty
Package: trig 2016/01/03 v1.10 sin cos tan (DPC)
)
(/usr/local/texlive/2016/texmf-dist/tex/latex/graphics-cfg/graphics.cfg
File: graphics.cfg 2016/01/02 v1.10 sample graphics configuration
)
Package graphics Info: Driver file: pdftex.def on input line 96.

(/usr/local/texlive/2016/texmf-dist/tex/latex/pdftex-def/pdftex.def
File: pdftex.def 2011/05/27 v0.06d Graphics/color for pdfTeX

(/usr/local/texlive/2016/texmf-dist/tex/generic/oberdiek/infwarerr.sty
Package: infwarerr 2016/05/16 v1.4 Providing info/warning/error messages (HO)
)
(/usr/local/texlive/2016/texmf-dist/tex/generic/oberdiek/ltxcmds.sty
Package: ltxcmds 2016/05/16 v1.23 LaTeX kernel commands for general use (HO)
)
\Gread@gobject=\count87
))
\Gin@req@height=\dimen103
\Gin@req@width=\dimen104
)
(/usr/local/texlive/2016/texmf-dist/tex/latex/base/inputenc.sty
Package: inputenc 2015/03/17 v1.2c Input encoding file
\inpenc@prehook=\toks15
\inpenc@posthook=\toks16

(/usr/local/texlive/2016/texmf-dist/tex/latex/ucs/utf8x.def
File: utf8x.def 2004/10/17 UCS: Input encoding UTF-8
))
(/usr/local/texlive/2016/texmf-dist/tex/latex/ucs/ucs.sty
Package: ucs 2013/05/11 v2.2 UCS: Unicode input support

(/usr/local/texlive/2016/texmf-dist/tex/latex/ucs/data/uni-global.def
File: uni-global.def 2013/05/13 UCS: Unicode global data
)
\uc@secondtry=\count88
\uc@combtoks=\toks17
\uc@combtoksb=\toks18
\uc@temptokena=\toks19
)
(/usr/local/texlive/2016/texmf-dist/tex/latex/titling/titling.sty
Package: titling 2009/09/04 v2.1d maketitle typesetting
\thanksmarkwidth=\skip43
\thanksmargin=\skip44
\droptitle=\skip45
)
(/usr/local/texlive/2016/texmf-dist/tex/latex/tools/afterpage.sty
Package: afterpage 2014/10/28 v1.08 After-Page Package (DPC)
\AP@output=\toks20
\AP@partial=\box26
\AP@footins=\box27
)
(/usr/local/texlive/2016/texmf-dist/tex/generic/babel/babel.sty
Package: babel 2016/04/23 3.9r The Babel package

(/usr/local/texlive/2016/texmf-dist/tex/generic/babel-italian/italian.ldf
Language: italian 2015/03/26 v1.3n Italian support from the babel system

(/usr/local/texlive/2016/texmf-dist/tex/generic/babel/babel.def
File: babel.def 2016/04/23 3.9r Babel common definitions
\babel@savecnt=\count89
\U@D=\dimen105
)
\it@lettering=\count90
\it@doublequoteactive=\count91
\it@ISOcompliance=\count92
))
(/usr/local/texlive/2016/texmf-dist/tex/latex/etoolbox/etoolbox.sty
Package: etoolbox 2015/08/02 v2.2a e-TeX tools for LaTeX (JAW)
\etb@tempcnta=\count93
) (./led.aux)
\openout1 = `led.aux'.

LaTeX Font Info:    Checking defaults for OML/cmm/m/it on input line 13.
LaTeX Font Info:    ... okay on input line 13.
LaTeX Font Info:    Checking defaults for T1/cmr/m/n on input line 13.
LaTeX Font Info:    ... okay on input line 13.
LaTeX Font Info:    Checking defaults for OT1/cmr/m/n on input line 13.
LaTeX Font Info:    ... okay on input line 13.
LaTeX Font Info:    Checking defaults for OMS/cmsy/m/n on input line 13.
LaTeX Font Info:    ... okay on input line 13.
LaTeX Font Info:    Checking defaults for OMX/cmex/m/n on input line 13.
LaTeX Font Info:    ... okay on input line 13.
LaTeX Font Info:    Checking defaults for U/cmr/m/n on input line 13.
LaTeX Font Info:    ... okay on input line 13.
 (/usr/local/texlive/2016/texmf-dist/tex/context/base/mkii/supp-pdf.mkii
[Loading MPS to PDF converter (version 2006.09.02).]
\scratchcounter=\count94
\scratchdimen=\dimen106
\scratchbox=\box28
\nofMPsegments=\count95
\nofMParguments=\count96
\everyMPshowfont=\toks21
\MPscratchCnt=\count97
\MPscratchDim=\dimen107
\MPnumerator=\count98
\makeMPintoPDFobject=\count99
\everyMPtoPDFconversion=\toks22
) (/usr/local/texlive/2016/texmf-dist/tex/generic/oberdiek/pdftexcmds.sty
Package: pdftexcmds 2016/05/10 v0.21 Utility functions of pdfTeX for LuaTeX (HO
)

(/usr/local/texlive/2016/texmf-dist/tex/generic/oberdiek/ifluatex.sty
Package: ifluatex 2016/05/16 v1.4 Provides the ifluatex switch (HO)
Package ifluatex Info: LuaTeX not detected.
)
(/usr/local/texlive/2016/texmf-dist/tex/generic/oberdiek/ifpdf.sty
Package: ifpdf 2016/05/14 v3.1 Provides the ifpdf switch
)
Package pdftexcmds Info: LuaTeX not detected.
Package pdftexcmds Info: \pdf@primitive is available.
Package pdftexcmds Info: \pdf@ifprimitive is available.
Package pdftexcmds Info: \pdfdraftmode found.
)
(/usr/local/texlive/2016/texmf-dist/tex/latex/oberdiek/epstopdf-base.sty
Package: epstopdf-base 2016/05/15 v2.6 Base part for package epstopdf

(/usr/local/texlive/2016/texmf-dist/tex/latex/oberdiek/grfext.sty
Package: grfext 2016/05/16 v1.2 Manage graphics extensions (HO)

(/usr/local/texlive/2016/texmf-dist/tex/generic/oberdiek/kvdefinekeys.sty
Package: kvdefinekeys 2016/05/16 v1.4 Define keys (HO)
))
(/usr/local/texlive/2016/texmf-dist/tex/latex/oberdiek/kvoptions.sty
Package: kvoptions 2016/05/16 v3.12 Key value format for package options (HO)

(/usr/local/texlive/2016/texmf-dist/tex/generic/oberdiek/kvsetkeys.sty
Package: kvsetkeys 2016/05/16 v1.17 Key value parser (HO)

(/usr/local/texlive/2016/texmf-dist/tex/generic/oberdiek/etexcmds.sty
Package: etexcmds 2016/05/16 v1.6 Avoid name clashes with e-TeX commands (HO)
Package etexcmds Info: Could not find \expanded.
(etexcmds)             That can mean that you are not using pdfTeX 1.50 or
(etexcmds)             that some package has redefined \expanded.
(etexcmds)             In the latter case, load this package earlier.
)))
Package grfext Info: Graphics extension search list:
(grfext)             [.png,.pdf,.jpg,.mps,.jpeg,.jbig2,.jb2,.PNG,.PDF,.JPG,.JPE
G,.JBIG2,.JB2,.eps]
(grfext)             \AppendGraphicsExtensions on input line 456.

(/usr/local/texlive/2016/texmf-dist/tex/latex/latexconfig/epstopdf-sys.cfg
File: epstopdf-sys.cfg 2010/07/13 v1.3 Configuration of (r)epstopdf for TeX Liv
e
))
(/usr/local/texlive/2016/texmf-dist/tex/latex/ucs/ucsencs.def
File: ucsencs.def 2011/01/21 Fixes to fontencodings LGR, T3
)
LaTeX Info: Redefining \it@ocap on input line 13.
LaTeX Info: Redefining \it@ccap on input line 13.


File italian.ldf warning: 
italian.ldf    With OT1 encoding guillemets are poorly faked
italian.ldf    Use T1 encoding
italian.ldf    or specify a font with command \CaporaliFrom
italian.ldf    See the documentation concerning the babel-italian typesetting 
italian.ldf    on input line 13.

LaTeX Font Info:    External font `cmex10' loaded for size
(Font)              <12> on input line 19.
LaTeX Font Info:    External font `cmex10' loaded for size
(Font)              <8> on input line 19.
LaTeX Font Info:    External font `cmex10' loaded for size
(Font)              <6> on input line 19.
[1

{/usr/local/texlive/2016/texmf-var/fonts/map/pdftex/updmap/pdftex.map}]
[1] (/usr/local/texlive/2016/texmf-dist/tex/latex/ucs/data/uni-0.def
File: uni-0.def 2013/05/13 UCS: Unicode data U+0000..U+00FF
)
LaTeX Font Info:    External font `cmex10' loaded for size
(Font)              <10.95> on input line 30.
LaTeX Font Info:    Try loading font information for OMS+cmr on input line 42.

(/usr/local/texlive/2016/texmf-dist/tex/latex/base/omscmr.fd
File: omscmr.fd 2014/09/29 v2.5h Standard LaTeX font definitions
)
LaTeX Font Info:    Font shape `OMS/cmr/m/n' in size <10.95> not available
(Font)              Font shape `OMS/cmsy/m/n' tried instead on input line 42.
 [2]
<circuitoled.png, id=22, 669.50125pt x 331.2375pt>
File: circuitoled.png Graphic file (type png)
 <use circuitoled.png>
Package pdftex.def Info: circuitoled.png used on input line 64.
(pdftex.def)             Requested size: 360.0pt x 178.11754pt.

[3 <./circuitoled.png>] <grafico.png, id=26, 803.0pt x 597.23125pt>
File: grafico.png Graphic file (type png)

<use grafico.png>
Package pdftex.def Info: grafico.png used on input line 75.
(pdftex.def)             Requested size: 360.0pt x 267.75826pt.
 <residui.png, id=27, 803.0pt x 597.23125pt>
File: residui.png Graphic file (type png)

<use residui.png>
Package pdftex.def Info: residui.png used on input line 81.
(pdftex.def)             Requested size: 360.0pt x 267.75826pt.
 [4 <./grafico.png>] [5 <./residui.png>] [6] (./led.aux) ) 
Here is how much of TeX's memory you used:
 3143 strings out of 493014
 42975 string characters out of 6133350
 116756 words of memory out of 5000000
 6644 multiletter control sequences out of 15000+600000
 8978 words of font info for 32 fonts, out of 8000000 for 9000
 1141 hyphenation exceptions out of 8191
 38i,6n,23p,568b,478s stack positions out of 5000i,500n,10000p,200000b,80000s
</usr/local/texlive/2
016/texmf-dist/fonts/type1/public/amsfonts/cm/cmbx12.pfb></usr/local/texlive/20
16/texmf-dist/fonts/type1/public/amsfonts/cm/cmmi10.pfb></usr/local/texlive/201
6/texmf-dist/fonts/type1/public/amsfonts/cm/cmmi6.pfb></usr/local/texlive/2016/
texmf-dist/fonts/type1/public/amsfonts/cm/cmmi8.pfb></usr/local/texlive/2016/te
xmf-dist/fonts/type1/public/amsfonts/cm/cmr10.pfb></usr/local/texlive/2016/texm
f-dist/fonts/type1/public/amsfonts/cm/cmr12.pfb></usr/local/texlive/2016/texmf-
dist/fonts/type1/public/amsfonts/cm/cmr6.pfb></usr/local/texlive/2016/texmf-dis
t/fonts/type1/public/amsfonts/cm/cmr8.pfb></usr/local/texlive/2016/texmf-dist/f
onts/type1/public/amsfonts/cm/cmsy10.pfb></usr/local/texlive/2016/texmf-dist/fo
nts/type1/public/amsfonts/cm/cmsy8.pfb></usr/local/texlive/2016/texmf-dist/font
s/type1/public/amsfonts/cm/cmtt10.pfb>
Output written on led.pdf (7 pages, 235972 bytes).
PDF statistics:
 75 PDF objects out of 1000 (max. 8388607)
 51 compressed objects within 1 object stream
 0 named destinations out of 1000 (max. 500000)
 16 words of extra memory for PDF output out of 10000 (max. 10000000)

